
Initial configuration
(1, 2)
++++++++++++++++++++++
+ K                  +
+ + ++++++++++++++++ +
+ + +              + +
+ + ++ ++++++++++  + +
+ + +          X+  + +
+ + +++++++++++++  + +
+ +                + +
+ ++++++++++++++++++ +
+                    +
++++++++++++++++++++++

After moving [1, 3] into the empty space
(1, 3)
++++++++++++++++++++++
+ KK                 +
+ + ++++++++++++++++ +
+ + +              + +
+ + ++ ++++++++++  + +
+ + +          X+  + +
+ + +++++++++++++  + +
+ +                + +
+ ++++++++++++++++++ +
+                    +
++++++++++++++++++++++

After moving [2, 3] into the empty space
(2, 3)
++++++++++++++++++++++
+ KK                 +
+ +K++++++++++++++++ +
+ + +              + +
+ + ++ ++++++++++  + +
+ + +          X+  + +
+ + +++++++++++++  + +
+ +                + +
+ ++++++++++++++++++ +
+                    +
++++++++++++++++++++++

After moving [3, 3] into the empty space
(3, 3)
++++++++++++++++++++++
+ KK                 +
+ +K++++++++++++++++ +
+ +K+              + +
+ + ++ ++++++++++  + +
+ + +          X+  + +
+ + +++++++++++++  + +
+ +                + +
+ ++++++++++++++++++ +
+                    +
++++++++++++++++++++++

After moving [4, 3] into the empty space
(4, 3)
++++++++++++++++++++++
+ KK                 +
+ +K++++++++++++++++ +
+ +K+              + +
+ +K++ ++++++++++  + +
+ + +          X+  + +
+ + +++++++++++++  + +
+ +                + +
+ ++++++++++++++++++ +
+                    +
++++++++++++++++++++++

After moving [5, 3] into the empty space
(5, 3)
++++++++++++++++++++++
+ KK                 +
+ +K++++++++++++++++ +
+ +K+              + +
+ +K++ ++++++++++  + +
+ +K+          X+  + +
+ + +++++++++++++  + +
+ +                + +
+ ++++++++++++++++++ +
+                    +
++++++++++++++++++++++

After moving [6, 3] into the empty space
(6, 3)
++++++++++++++++++++++
+ KK                 +
+ +K++++++++++++++++ +
+ +K+              + +
+ +K++ ++++++++++  + +
+ +K+          X+  + +
+ +K+++++++++++++  + +
+ +                + +
+ ++++++++++++++++++ +
+                    +
++++++++++++++++++++++

After moving [7, 3] into the empty space
(7, 3)
++++++++++++++++++++++
+ KK                 +
+ +K++++++++++++++++ +
+ +K+              + +
+ +K++ ++++++++++  + +
+ +K+          X+  + +
+ +K+++++++++++++  + +
+ +K               + +
+ ++++++++++++++++++ +
+                    +
++++++++++++++++++++++

After moving [7, 4] into the empty space
(7, 4)
++++++++++++++++++++++
+ KK                 +
+ +K++++++++++++++++ +
+ +K+              + +
+ +K++ ++++++++++  + +
+ +K+          X+  + +
+ +K+++++++++++++  + +
+ +KK              + +
+ ++++++++++++++++++ +
+                    +
++++++++++++++++++++++

After moving [7, 5] into the empty space
(7, 5)
++++++++++++++++++++++
+ KK                 +
+ +K++++++++++++++++ +
+ +K+              + +
+ +K++ ++++++++++  + +
+ +K+          X+  + +
+ +K+++++++++++++  + +
+ +KKK             + +
+ ++++++++++++++++++ +
+                    +
++++++++++++++++++++++

After moving [7, 6] into the empty space
(7, 6)
++++++++++++++++++++++
+ KK                 +
+ +K++++++++++++++++ +
+ +K+              + +
+ +K++ ++++++++++  + +
+ +K+          X+  + +
+ +K+++++++++++++  + +
+ +KKKK            + +
+ ++++++++++++++++++ +
+                    +
++++++++++++++++++++++

After moving [7, 7] into the empty space
(7, 7)
++++++++++++++++++++++
+ KK                 +
+ +K++++++++++++++++ +
+ +K+              + +
+ +K++ ++++++++++  + +
+ +K+          X+  + +
+ +K+++++++++++++  + +
+ +KKKKK           + +
+ ++++++++++++++++++ +
+                    +
++++++++++++++++++++++

After moving [7, 8] into the empty space
(7, 8)
++++++++++++++++++++++
+ KK                 +
+ +K++++++++++++++++ +
+ +K+              + +
+ +K++ ++++++++++  + +
+ +K+          X+  + +
+ +K+++++++++++++  + +
+ +KKKKKK          + +
+ ++++++++++++++++++ +
+                    +
++++++++++++++++++++++

After moving [7, 9] into the empty space
(7, 9)
++++++++++++++++++++++
+ KK                 +
+ +K++++++++++++++++ +
+ +K+              + +
+ +K++ ++++++++++  + +
+ +K+          X+  + +
+ +K+++++++++++++  + +
+ +KKKKKKK         + +
+ ++++++++++++++++++ +
+                    +
++++++++++++++++++++++

After moving [7, 10] into the empty space
(7, 10)
++++++++++++++++++++++
+ KK                 +
+ +K++++++++++++++++ +
+ +K+              + +
+ +K++ ++++++++++  + +
+ +K+          X+  + +
+ +K+++++++++++++  + +
+ +KKKKKKKK        + +
+ ++++++++++++++++++ +
+                    +
++++++++++++++++++++++

After moving [7, 11] into the empty space
(7, 11)
++++++++++++++++++++++
+ KK                 +
+ +K++++++++++++++++ +
+ +K+              + +
+ +K++ ++++++++++  + +
+ +K+          X+  + +
+ +K+++++++++++++  + +
+ +KKKKKKKKK       + +
+ ++++++++++++++++++ +
+                    +
++++++++++++++++++++++

After moving [7, 12] into the empty space
(7, 12)
++++++++++++++++++++++
+ KK                 +
+ +K++++++++++++++++ +
+ +K+              + +
+ +K++ ++++++++++  + +
+ +K+          X+  + +
+ +K+++++++++++++  + +
+ +KKKKKKKKKK      + +
+ ++++++++++++++++++ +
+                    +
++++++++++++++++++++++

After moving [7, 13] into the empty space
(7, 13)
++++++++++++++++++++++
+ KK                 +
+ +K++++++++++++++++ +
+ +K+              + +
+ +K++ ++++++++++  + +
+ +K+          X+  + +
+ +K+++++++++++++  + +
+ +KKKKKKKKKKK     + +
+ ++++++++++++++++++ +
+                    +
++++++++++++++++++++++

After moving [7, 14] into the empty space
(7, 14)
++++++++++++++++++++++
+ KK                 +
+ +K++++++++++++++++ +
+ +K+              + +
+ +K++ ++++++++++  + +
+ +K+          X+  + +
+ +K+++++++++++++  + +
+ +KKKKKKKKKKKK    + +
+ ++++++++++++++++++ +
+                    +
++++++++++++++++++++++

After moving [7, 15] into the empty space
(7, 15)
++++++++++++++++++++++
+ KK                 +
+ +K++++++++++++++++ +
+ +K+              + +
+ +K++ ++++++++++  + +
+ +K+          X+  + +
+ +K+++++++++++++  + +
+ +KKKKKKKKKKKKK   + +
+ ++++++++++++++++++ +
+                    +
++++++++++++++++++++++

After moving [7, 16] into the empty space
(7, 16)
++++++++++++++++++++++
+ KK                 +
+ +K++++++++++++++++ +
+ +K+              + +
+ +K++ ++++++++++  + +
+ +K+          X+  + +
+ +K+++++++++++++  + +
+ +KKKKKKKKKKKKKK  + +
+ ++++++++++++++++++ +
+                    +
++++++++++++++++++++++

After moving [7, 17] into the empty space
(7, 17)
++++++++++++++++++++++
+ KK                 +
+ +K++++++++++++++++ +
+ +K+              + +
+ +K++ ++++++++++  + +
+ +K+          X+  + +
+ +K+++++++++++++  + +
+ +KKKKKKKKKKKKKKK + +
+ ++++++++++++++++++ +
+                    +
++++++++++++++++++++++

After moving [6, 17] into the empty space
(6, 17)
++++++++++++++++++++++
+ KK                 +
+ +K++++++++++++++++ +
+ +K+              + +
+ +K++ ++++++++++  + +
+ +K+          X+  + +
+ +K+++++++++++++K + +
+ +KKKKKKKKKKKKKKK + +
+ ++++++++++++++++++ +
+                    +
++++++++++++++++++++++

After moving [5, 17] into the empty space
(5, 17)
++++++++++++++++++++++
+ KK                 +
+ +K++++++++++++++++ +
+ +K+              + +
+ +K++ ++++++++++  + +
+ +K+          X+K + +
+ +K+++++++++++++K + +
+ +KKKKKKKKKKKKKKK + +
+ ++++++++++++++++++ +
+                    +
++++++++++++++++++++++

After moving [4, 17] into the empty space
(4, 17)
++++++++++++++++++++++
+ KK                 +
+ +K++++++++++++++++ +
+ +K+              + +
+ +K++ ++++++++++K + +
+ +K+          X+K + +
+ +K+++++++++++++K + +
+ +KKKKKKKKKKKKKKK + +
+ ++++++++++++++++++ +
+                    +
++++++++++++++++++++++

After moving [3, 17] into the empty space
(3, 17)
++++++++++++++++++++++
+ KK                 +
+ +K++++++++++++++++ +
+ +K+            K + +
+ +K++ ++++++++++K + +
+ +K+          X+K + +
+ +K+++++++++++++K + +
+ +KKKKKKKKKKKKKKK + +
+ ++++++++++++++++++ +
+                    +
++++++++++++++++++++++

After moving [3, 16] into the empty space
(3, 16)
++++++++++++++++++++++
+ KK                 +
+ +K++++++++++++++++ +
+ +K+           KK + +
+ +K++ ++++++++++K + +
+ +K+          X+K + +
+ +K+++++++++++++K + +
+ +KKKKKKKKKKKKKKK + +
+ ++++++++++++++++++ +
+                    +
++++++++++++++++++++++

After moving [3, 15] into the empty space
(3, 15)
++++++++++++++++++++++
+ KK                 +
+ +K++++++++++++++++ +
+ +K+          KKK + +
+ +K++ ++++++++++K + +
+ +K+          X+K + +
+ +K+++++++++++++K + +
+ +KKKKKKKKKKKKKKK + +
+ ++++++++++++++++++ +
+                    +
++++++++++++++++++++++

After moving [3, 14] into the empty space
(3, 14)
++++++++++++++++++++++
+ KK                 +
+ +K++++++++++++++++ +
+ +K+         KKKK + +
+ +K++ ++++++++++K + +
+ +K+          X+K + +
+ +K+++++++++++++K + +
+ +KKKKKKKKKKKKKKK + +
+ ++++++++++++++++++ +
+                    +
++++++++++++++++++++++

After moving [3, 13] into the empty space
(3, 13)
++++++++++++++++++++++
+ KK                 +
+ +K++++++++++++++++ +
+ +K+        KKKKK + +
+ +K++ ++++++++++K + +
+ +K+          X+K + +
+ +K+++++++++++++K + +
+ +KKKKKKKKKKKKKKK + +
+ ++++++++++++++++++ +
+                    +
++++++++++++++++++++++

After moving [3, 12] into the empty space
(3, 12)
++++++++++++++++++++++
+ KK                 +
+ +K++++++++++++++++ +
+ +K+       KKKKKK + +
+ +K++ ++++++++++K + +
+ +K+          X+K + +
+ +K+++++++++++++K + +
+ +KKKKKKKKKKKKKKK + +
+ ++++++++++++++++++ +
+                    +
++++++++++++++++++++++

After moving [3, 11] into the empty space
(3, 11)
++++++++++++++++++++++
+ KK                 +
+ +K++++++++++++++++ +
+ +K+      KKKKKKK + +
+ +K++ ++++++++++K + +
+ +K+          X+K + +
+ +K+++++++++++++K + +
+ +KKKKKKKKKKKKKKK + +
+ ++++++++++++++++++ +
+                    +
++++++++++++++++++++++

After moving [3, 10] into the empty space
(3, 10)
++++++++++++++++++++++
+ KK                 +
+ +K++++++++++++++++ +
+ +K+     KKKKKKKK + +
+ +K++ ++++++++++K + +
+ +K+          X+K + +
+ +K+++++++++++++K + +
+ +KKKKKKKKKKKKKKK + +
+ ++++++++++++++++++ +
+                    +
++++++++++++++++++++++

After moving [3, 9] into the empty space
(3, 9)
++++++++++++++++++++++
+ KK                 +
+ +K++++++++++++++++ +
+ +K+    KKKKKKKKK + +
+ +K++ ++++++++++K + +
+ +K+          X+K + +
+ +K+++++++++++++K + +
+ +KKKKKKKKKKKKKKK + +
+ ++++++++++++++++++ +
+                    +
++++++++++++++++++++++

After moving [3, 8] into the empty space
(3, 8)
++++++++++++++++++++++
+ KK                 +
+ +K++++++++++++++++ +
+ +K+   KKKKKKKKKK + +
+ +K++ ++++++++++K + +
+ +K+          X+K + +
+ +K+++++++++++++K + +
+ +KKKKKKKKKKKKKKK + +
+ ++++++++++++++++++ +
+                    +
++++++++++++++++++++++

After moving [3, 7] into the empty space
(3, 7)
++++++++++++++++++++++
+ KK                 +
+ +K++++++++++++++++ +
+ +K+  KKKKKKKKKKK + +
+ +K++ ++++++++++K + +
+ +K+          X+K + +
+ +K+++++++++++++K + +
+ +KKKKKKKKKKKKKKK + +
+ ++++++++++++++++++ +
+                    +
++++++++++++++++++++++

After moving [3, 6] into the empty space
(3, 6)
++++++++++++++++++++++
+ KK                 +
+ +K++++++++++++++++ +
+ +K+ KKKKKKKKKKKK + +
+ +K++ ++++++++++K + +
+ +K+          X+K + +
+ +K+++++++++++++K + +
+ +KKKKKKKKKKKKKKK + +
+ ++++++++++++++++++ +
+                    +
++++++++++++++++++++++

After moving [4, 6] into the empty space
(4, 6)
++++++++++++++++++++++
+ KK                 +
+ +K++++++++++++++++ +
+ +K+ KKKKKKKKKKKK + +
+ +K++K++++++++++K + +
+ +K+          X+K + +
+ +K+++++++++++++K + +
+ +KKKKKKKKKKKKKKK + +
+ ++++++++++++++++++ +
+                    +
++++++++++++++++++++++

After moving [5, 6] into the empty space
(5, 6)
++++++++++++++++++++++
+ KK                 +
+ +K++++++++++++++++ +
+ +K+ KKKKKKKKKKKK + +
+ +K++K++++++++++K + +
+ +K+ K        X+K + +
+ +K+++++++++++++K + +
+ +KKKKKKKKKKKKKKK + +
+ ++++++++++++++++++ +
+                    +
++++++++++++++++++++++

After moving [5, 7] into the empty space
(5, 7)
++++++++++++++++++++++
+ KK                 +
+ +K++++++++++++++++ +
+ +K+ KKKKKKKKKKKK + +
+ +K++K++++++++++K + +
+ +K+ KK       X+K + +
+ +K+++++++++++++K + +
+ +KKKKKKKKKKKKKKK + +
+ ++++++++++++++++++ +
+                    +
++++++++++++++++++++++

After moving [5, 8] into the empty space
(5, 8)
++++++++++++++++++++++
+ KK                 +
+ +K++++++++++++++++ +
+ +K+ KKKKKKKKKKKK + +
+ +K++K++++++++++K + +
+ +K+ KKK      X+K + +
+ +K+++++++++++++K + +
+ +KKKKKKKKKKKKKKK + +
+ ++++++++++++++++++ +
+                    +
++++++++++++++++++++++

After moving [5, 9] into the empty space
(5, 9)
++++++++++++++++++++++
+ KK                 +
+ +K++++++++++++++++ +
+ +K+ KKKKKKKKKKKK + +
+ +K++K++++++++++K + +
+ +K+ KKKK     X+K + +
+ +K+++++++++++++K + +
+ +KKKKKKKKKKKKKKK + +
+ ++++++++++++++++++ +
+                    +
++++++++++++++++++++++

After moving [5, 10] into the empty space
(5, 10)
++++++++++++++++++++++
+ KK                 +
+ +K++++++++++++++++ +
+ +K+ KKKKKKKKKKKK + +
+ +K++K++++++++++K + +
+ +K+ KKKKK    X+K + +
+ +K+++++++++++++K + +
+ +KKKKKKKKKKKKKKK + +
+ ++++++++++++++++++ +
+                    +
++++++++++++++++++++++

After moving [5, 11] into the empty space
(5, 11)
++++++++++++++++++++++
+ KK                 +
+ +K++++++++++++++++ +
+ +K+ KKKKKKKKKKKK + +
+ +K++K++++++++++K + +
+ +K+ KKKKKK   X+K + +
+ +K+++++++++++++K + +
+ +KKKKKKKKKKKKKKK + +
+ ++++++++++++++++++ +
+                    +
++++++++++++++++++++++

After moving [5, 12] into the empty space
(5, 12)
++++++++++++++++++++++
+ KK                 +
+ +K++++++++++++++++ +
+ +K+ KKKKKKKKKKKK + +
+ +K++K++++++++++K + +
+ +K+ KKKKKKK  X+K + +
+ +K+++++++++++++K + +
+ +KKKKKKKKKKKKKKK + +
+ ++++++++++++++++++ +
+                    +
++++++++++++++++++++++

After moving [5, 13] into the empty space
(5, 13)
++++++++++++++++++++++
+ KK                 +
+ +K++++++++++++++++ +
+ +K+ KKKKKKKKKKKK + +
+ +K++K++++++++++K + +
+ +K+ KKKKKKKK X+K + +
+ +K+++++++++++++K + +
+ +KKKKKKKKKKKKKKK + +
+ ++++++++++++++++++ +
+                    +
++++++++++++++++++++++

After moving [5, 14] into the empty space
(5, 14)
++++++++++++++++++++++
+ KK                 +
+ +K++++++++++++++++ +
+ +K+ KKKKKKKKKKKK + +
+ +K++K++++++++++K + +
+ +K+ KKKKKKKKKX+K + +
+ +K+++++++++++++K + +
+ +KKKKKKKKKKKKKKK + +
+ ++++++++++++++++++ +
+                    +
++++++++++++++++++++++

After moving [5, 15] into the empty space. Goal achieved!
(5, 15)
++++++++++++++++++++++
+ KK                 +
+ +K++++++++++++++++ +
+ +K+ KKKKKKKKKKKK + +
+ +K++K++++++++++K + +
+ +K+ KKKKKKKKKX+K + +
+ +K+++++++++++++K + +
+ +KKKKKKKKKKKKKKK + +
+ ++++++++++++++++++ +
+                    +
++++++++++++++++++++++
